#
# There is insufficient memory for the Java Runtime Environment to continue.
# Native memory allocation (mmap) failed to map 132120576 bytes for Failed to commit area from 0x0000000083600000 to 0x000000008b400000 of length 132120576.
# Possible reasons:
#   The system is out of physical RAM or swap space
#   The process is running with CompressedOops enabled, and the Java Heap may be blocking the growth of the native heap
# Possible solutions:
#   Reduce memory load on the system
#   Increase physical memory or swap space
#   Check if swap backing store is full
#   Decrease Java heap size (-Xmx/-Xms)
#   Decrease number of Java threads
#   Decrease Java thread stack sizes (-Xss)
#   Set larger code cache with -XX:ReservedCodeCacheSize=
# This output file may be truncated or incomplete.
#
#  Out of Memory Error (t:/workspace/open/src/hotspot/os/windows/os_windows.cpp:3254), pid=1600, tid=14100
#
# JRE version:  (12.0+33) (build )
# Java VM: Java HotSpot(TM) 64-Bit Server VM (12+33, mixed mode, aot, sharing, tiered, compressed oops, g1 gc, windows-amd64)
# No core dump will be written. Minidumps are not enabled by default on client versions of Windows
#

---------------  S U M M A R Y ------------

Command Line: -javaagent:C:\Program Files\JetBrains\IntelliJ IDEA 2020.1\lib\idea_rt.jar=55600:C:\Program Files\JetBrains\IntelliJ IDEA 2020.1\bin -Dfile.encoding=UTF-8 com.zetcode.Pacman

Host: Intel(R) Core(TM) i5-7200U CPU @ 2.50GHz, 4 cores, 7G,  Windows 10 , 64 bit Build 18362 (10.0.18362.1082)
Time: Sat Oct  3 23:28:50 2020  elapsed time: 0 seconds (0d 0h 0m 0s)

---------------  T H R E A D  ---------------

Current thread (0x000001ed8d7a7800):  JavaThread "Unknown thread" [_thread_in_vm, id=14100, stack(0x000000071a700000,0x000000071a800000)]

Stack: [0x000000071a700000,0x000000071a800000]
Native frames: (J=compiled Java code, j=interpreted, Vv=VM code, C=native code)
V  [jvm.dll+0x63948a]
V  [jvm.dll+0x78b31f]
V  [jvm.dll+0x78c9c1]
V  [jvm.dll+0x78d013]
V  [jvm.dll+0x262138]
V  [jvm.dll+0x63698a]
V  [jvm.dll+0x62b505]
V  [jvm.dll+0x31d9bc]
V  [jvm.dll+0x31d7ef]
V  [jvm.dll+0x323526]
V  [jvm.dll+0x370f76]
V  [jvm.dll+0x370750]
V  [jvm.dll+0x2f786a]
V  [jvm.dll+0x2f8af2]
V  [jvm.dll+0x7657b7]
V  [jvm.dll+0x766e95]
V  [jvm.dll+0x37f089]
V  [jvm.dll+0x749b14]
V  [jvm.dll+0x3ee48d]
V  [jvm.dll+0x3f03c1]
C  [jli.dll+0x51cf]
C  [ucrtbase.dll+0x20e82]
C  [KERNEL32.DLL+0x17bd4]
C  [ntdll.dll+0x6ce51]


---------------  P R O C E S S  ---------------

Threads class SMR info:
_java_thread_list=0x00007ff8ea7b48e8, length=0, elements={
}

Java Threads: ( => current thread )

Other Threads:
  0x000001ed8d7e6000 GCTaskThread "GC Thread#0" [stack: 0x000000071a800000,0x000000071a900000] [id=12360]
  0x000001ed8d7f4800 ConcurrentGCThread "G1 Main Marker" [stack: 0x000000071a900000,0x000000071aa00000] [id=1616]
  0x000001ed8d7f6000 ConcurrentGCThread "G1 Conc#0" [stack: 0x000000071aa00000,0x000000071ab00000] [id=2284]

[error occurred during error reporting (printing all threads), id 0xc0000005, EXCEPTION_ACCESS_VIOLATION (0xc0000005) at pc=0x00007ff8e9fe7a37]

VM state:not at safepoint (not fully initialized)

VM Mutex/Monitor currently owned by a thread:  ([mutex/lock_event])
[0x000001ed8d7a3b30] Heap_lock - owner thread: 0x000001ed8d7a7800

Heap address: 0x0000000083600000, size: 1994 MB, Compressed Oops mode: Non-zero based: 0x0000000083600000
Narrow klass base: 0x0000000000000000, Narrow klass shift: 0

GC Heap History (0 events):
No events

Deoptimization events (0 events):
No events

Classes redefined (0 events):
No events

Internal exceptions (0 events):
No events

Events (0 events):
No events


Dynamic libraries:
0x00007ff6bc4d0000 - 0x00007ff6bc4df000 	C:\Program Files\Java\jdk-12\bin\java.exe
0x00007ff920fe0000 - 0x00007ff9211d0000 	C:\Windows\SYSTEM32\ntdll.dll
0x00007ff920ce0000 - 0x00007ff920d92000 	C:\Windows\System32\KERNEL32.DLL
0x00007ff91e210000 - 0x00007ff91e4b5000 	C:\Windows\System32\KERNELBASE.dll
0x00007ff91ef60000 - 0x00007ff91f05a000 	C:\Windows\System32\ucrtbase.dll
0x00007ff90bbe0000 - 0x00007ff90bbf6000 	C:\Program Files\Java\jdk-12\bin\VCRUNTIME140.dll
0x00007ff90fe30000 - 0x00007ff90fe48000 	C:\Program Files\Java\jdk-12\bin\jli.dll
0x00007ff9207f0000 - 0x00007ff920893000 	C:\Windows\System32\ADVAPI32.dll
0x00007ff9209c0000 - 0x00007ff920a5e000 	C:\Windows\System32\msvcrt.dll
0x00007ff91f2c0000 - 0x00007ff91f357000 	C:\Windows\System32\sechost.dll
0x00007ff9208a0000 - 0x00007ff9209c0000 	C:\Windows\System32\RPCRT4.dll
0x00007ff920e00000 - 0x00007ff920f95000 	C:\Windows\System32\USER32.dll
0x00007ff90c2c0000 - 0x00007ff90c544000 	C:\Windows\WinSxS\amd64_microsoft.windows.common-controls_6595b64144ccf1df_6.0.18362.1082_none_9e8193e1e45b25c1\COMCTL32.dll
0x00007ff9203a0000 - 0x00007ff9206d5000 	C:\Windows\System32\combase.dll
0x00007ff91e4c0000 - 0x00007ff91e540000 	C:\Windows\System32\bcryptPrimitives.dll
0x00007ff920dd0000 - 0x00007ff920df6000 	C:\Windows\System32\GDI32.dll
0x000001ed8b5f0000 - 0x000001ed8b611000 	C:\Windows\System32\win32u.dll
0x00007ff91e010000 - 0x00007ff91e1a6000 	C:\Windows\System32\gdi32full.dll
0x00007ff91df70000 - 0x00007ff91e00e000 	C:\Windows\System32\msvcp_win.dll
0x00007ff9161b0000 - 0x00007ff9161ba000 	C:\Windows\SYSTEM32\VERSION.dll
0x00007ff91fb60000 - 0x00007ff91fb8e000 	C:\Windows\System32\IMM32.DLL
0x00007ff8f0850000 - 0x00007ff8f08fa000 	C:\Program Files\Java\jdk-12\bin\msvcp140.dll
0x00007ff8e9ce0000 - 0x00007ff8ea854000 	C:\Program Files\Java\jdk-12\bin\server\jvm.dll
0x00007ff920da0000 - 0x00007ff920da8000 	C:\Windows\System32\PSAPI.DLL
0x00007ff909af0000 - 0x00007ff909af9000 	C:\Windows\SYSTEM32\WSOCK32.dll
0x00007ff91faf0000 - 0x00007ff91fb5f000 	C:\Windows\System32\WS2_32.dll
0x00007ff91b5a0000 - 0x00007ff91b5c4000 	C:\Windows\SYSTEM32\WINMM.dll
0x00007ff91b530000 - 0x00007ff91b55d000 	C:\Windows\SYSTEM32\WINMMBASE.dll
0x00007ff91e6e0000 - 0x00007ff91e72a000 	C:\Windows\System32\cfgmgr32.dll
0x00007ff91dee0000 - 0x00007ff91def1000 	C:\Windows\System32\kernel.appcore.dll
0x00007ff906270000 - 0x00007ff906281000 	C:\Program Files\Java\jdk-12\bin\verify.dll
0x00007ff91c760000 - 0x00007ff91c954000 	C:\Windows\SYSTEM32\DBGHELP.DLL
0x00007ff904ce0000 - 0x00007ff904d0a000 	C:\Windows\SYSTEM32\dbgcore.DLL
0x00007ff906240000 - 0x00007ff906266000 	C:\Program Files\Java\jdk-12\bin\java.dll
0x00007ff916580000 - 0x00007ff91658e000 	C:\Program Files\Java\jdk-12\bin\instrument.dll
0x00007ff9060d0000 - 0x00007ff9060e7000 	C:\Program Files\Java\jdk-12\bin\zip.dll
0x00007ff916680000 - 0x00007ff91668a000 	C:\Program Files\Java\jdk-12\bin\jimage.dll

dbghelp: loaded successfully - version: 4.0.5 - missing functions: none
symbol engine: initialized successfully - sym options: 0x614 - pdb path: .;C:\Program Files\Java\jdk-12\bin;C:\Windows\SYSTEM32;C:\Windows\WinSxS\amd64_microsoft.windows.common-controls_6595b64144ccf1df_6.0.18362.1082_none_9e8193e1e45b25c1;C:\Program Files\Java\jdk-12\bin\server

VM Arguments:
jvm_args: -javaagent:C:\Program Files\JetBrains\IntelliJ IDEA 2020.1\lib\idea_rt.jar=55600:C:\Program Files\JetBrains\IntelliJ IDEA 2020.1\bin -Dfile.encoding=UTF-8 
java_command: com.zetcode.Pacman
java_class_path (initial): C:\Users\Yaroslava\Documents\EDUCATION\Pacman-BFS-DFS\out\production\Pacman-BFS-DFS
Launcher Type: SUN_STANDARD

[Global flags]
     intx CICompilerCount                          = 3                                         {product} {ergonomic}
     uint ConcGCThreads                            = 1                                         {product} {ergonomic}
     uint G1ConcRefinementThreads                  = 4                                         {product} {ergonomic}
   size_t G1HeapRegionSize                         = 1048576                                   {product} {ergonomic}
    uintx GCDrainStackTargetSize                   = 64                                        {product} {ergonomic}
   size_t InitialHeapSize                          = 132120576                                 {product} {ergonomic}
   size_t MarkStackSize                            = 4194304                                   {product} {ergonomic}
   size_t MaxHeapSize                              = 2090860544                                {product} {ergonomic}
   size_t MinHeapDeltaBytes                        = 1048576                                   {product} {ergonomic}
    uintx NonNMethodCodeHeapSize                   = 5830732                                {pd product} {ergonomic}
    uintx NonProfiledCodeHeapSize                  = 122913754                              {pd product} {ergonomic}
    uintx ProfiledCodeHeapSize                     = 122913754                              {pd product} {ergonomic}
    uintx ReservedCodeCacheSize                    = 251658240                              {pd product} {ergonomic}
     bool SegmentedCodeCache                       = true                                      {product} {ergonomic}
     bool UseCompressedClassPointers               = true                                 {lp64_product} {ergonomic}
     bool UseCompressedOops                        = true                                 {lp64_product} {ergonomic}
     bool UseG1GC                                  = true                                      {product} {ergonomic}
     bool UseLargePagesIndividualAllocation        = false                                  {pd product} {ergonomic}

Logging:
Log output configuration:
 #0: stdout all=warning uptime,level,tags
 #1: stderr all=off uptime,level,tags

Environment Variables:
PATH=C:\Program Files (x86)\Common Files\Oracle\Java\javapath;C:\Windows\system32;C:\Windows;C:\Windows\System32\Wbem;C:\Windows\System32\WindowsPowerShell\v1.0\;C:\Windows\System32\OpenSSH\;C:\ProgramData\chocolatey\bin;C:\Program Files (x86)\Intel\Intel(R) Management Engine Components\DAL;C:\Program Files\Intel\Intel(R) Management Engine Components\DAL;C:\Program Files\MySQL\MySQL Shell 8.0\bin\;C:\Users\Yaroslava\AppData\Local\Microsoft\WindowsApps;;C:\Program Files\JetBrains\IntelliJ IDEA Community Edition 2020.1\bin;;C:\Program Files\JetBrains\IntelliJ IDEA 2020.1\bin;;C:\Users\Yaroslava\AppData\Roaming\cabal\bin;C:\tools\msys64;C:\ProgramData\chocolatey\lib\ghc\tools\ghc-8.10.1\bin;
USERNAME=Yaroslava
OS=Windows_NT
PROCESSOR_IDENTIFIER=Intel64 Family 6 Model 142 Stepping 9, GenuineIntel



---------------  S Y S T E M  ---------------

OS: Windows 10 , 64 bit Build 18362 (10.0.18362.1082)

CPU:total 4 (initial active 4) (2 cores per cpu, 2 threads per core) family 6 model 142 stepping 9, cmov, cx8, fxsr, mmx, sse, sse2, sse3, ssse3, sse4.1, sse4.2, popcnt, avx, avx2, aes, clmul, erms, 3dnowpref, lzcnt, ht, tsc, tscinvbit, bmi1, bmi2, adx, fma

Memory: 4k page, system-wide physical 7968M (1650M free)
TotalPageFile size 7968M (AvailPageFile size 104M)
current process WorkingSet (physical memory assigned to process): 10M, peak: 10M
current process commit charge ("private bytes"): 52M, peak: 177M

vm_info: Java HotSpot(TM) 64-Bit Server VM (12+33) for windows-amd64 JRE (12+33), built on Feb 21 2019 02:31:50 by "mach5one" with MS VC++ 15.5 (VS2017)

END.
